0 info it worked if it ends with ok
1 verbose cli [ '/usr/local/bin/node', '/usr/local/bin/npm', 'start' ]
2 info using npm@1.4.9
3 info using node@v0.11.13
4 verbose run-script [ 'prestart', 'start', 'poststart' ]
5 info prestart js-game-server@0.1.0-1
6 info start js-game-server@0.1.0-1
7 verbose unsafe-perm in lifecycle true
8 info js-game-server@0.1.0-1 Failed to exec start script
9 error js-game-server@0.1.0-1 start: `node ./index.js`
9 error Exit status 1
10 error Failed at the js-game-server@0.1.0-1 start script.
10 error This is most likely a problem with the js-game-server package,
10 error not with npm itself.
10 error Tell the author that this fails on your system:
10 error     node ./index.js
10 error You can get their info via:
10 error     npm owner ls js-game-server
10 error There is likely additional logging output above.
11 error System Linux 3.2.0-88-generic
12 error command "/usr/local/bin/node" "/usr/local/bin/npm" "start"
13 error cwd /home/patrick/Dropbox/dev/tanks-in-time/server
14 error node -v v0.11.13
15 error npm -v 1.4.9
16 error code ELIFECYCLE
17 verbose exit [ 1, true ]
